<?xml version="1.0" encoding="UTF-8"?>
<!-- Generated by org.testng.reporters.JUnitXMLReporter -->
<testsuite ignored="0" hostname="DESKTOP-CC0QIAC" failures="0" tests="6" name="Default test" time="3.318" errors="0" timestamp="2021-11-09T18:12:31 EET">
  <testcase classname="courses_api_test.CoursesApiTestSuite" name="CreateCourse" time="1.803"/>
  <testcase classname="courses_api_test.CoursesApiTestSuite" name="getCourse" time="0.148"/>
  <testcase classname="courses_api_test.CoursesApiTestSuite" name="updateCoursePut" time="0.062"/>
  <testcase classname="courses_api_test.CoursesApiTestSuite" name="updateCoursePatch" time="0.05"/>
  <testcase classname="courses_api_test.CoursesApiTestSuite" name="DeleteCourse" time="0.057"/>
  <testcase classname="courses_api_test.CoursesApiTestSuite" name="getCourses" time="0.039"/>
</testsuite> <!-- Default test -->
